  Scanning sources for module dependencies...
  Game.cpp
  InputManager.cpp
  Compiling...
  Game.cpp
  InputManager.cpp
C:\Users\anton\Documents\GitHub\C-Engine\C++ Engine\Base\Vec2.h(3,10): warning C4067: unexpected tokens following preprocessor directive - expected a newline
  (compiling source file 'Base/InputManager.cpp')
  
C:\Users\anton\Documents\GitHub\C-Engine\C++ Engine\Base\Vec2.h(3,10): warning C4067: unexpected tokens following preprocessor directive - expected a newline
  (compiling source file 'Base/Game.cpp')
  
C:\Users\anton\Documents\GitHub\C-Engine\C++ Engine\Base\InputManager.cpp(21,31): warning C4244: 'argument': conversion from 'T' to 'float', possible loss of data
C:\Users\anton\Documents\GitHub\C-Engine\C++ Engine\Base\InputManager.cpp(21,31): warning C4244:         with
C:\Users\anton\Documents\GitHub\C-Engine\C++ Engine\Base\InputManager.cpp(21,31): warning C4244:         [
C:\Users\anton\Documents\GitHub\C-Engine\C++ Engine\Base\InputManager.cpp(21,31): warning C4244:             T=int
C:\Users\anton\Documents\GitHub\C-Engine\C++ Engine\Base\InputManager.cpp(21,31): warning C4244:         ]
C:\Users\anton\Documents\GitHub\C-Engine\C++ Engine\Base\InputManager.cpp(21,25): warning C4244: 'argument': conversion from 'T' to 'float', possible loss of data
C:\Users\anton\Documents\GitHub\C-Engine\C++ Engine\Base\InputManager.cpp(21,25): warning C4244:         with
C:\Users\anton\Documents\GitHub\C-Engine\C++ Engine\Base\InputManager.cpp(21,25): warning C4244:         [
C:\Users\anton\Documents\GitHub\C-Engine\C++ Engine\Base\InputManager.cpp(21,25): warning C4244:             T=int
C:\Users\anton\Documents\GitHub\C-Engine\C++ Engine\Base\InputManager.cpp(21,25): warning C4244:         ]
C:\Users\anton\Documents\GitHub\C-Engine\C++ Engine\Base\InputManager.cpp(47,48): warning C4244: '=': conversion from 'const float' to 'int', possible loss of data
C:\Users\anton\Documents\GitHub\C-Engine\C++ Engine\Base\Game.cpp(16,72): warning C4244: 'argument': conversion from 'const float' to 'unsigned int', possible loss of data
C:\Users\anton\Documents\GitHub\C-Engine\C++ Engine\Base\Game.cpp(16,57): warning C4244: 'argument': conversion from 'const float' to 'unsigned int', possible loss of data
  C++ Engine.vcxproj -> C:\Users\anton\Documents\GitHub\C-Engine\x64\Debug\C++ Engine.exe
